0 info it worked if it ends with ok
1 verbose cli [ '/usr/bin/node', '/usr/bin/npm', '-g', 'install', 'tmuxinator' ]
2 info using npm@1.4.28
3 info using node@v0.10.32
4 verbose node symlink /usr/bin/node
5 verbose cache add [ 'tmuxinator', null ]
6 verbose cache add name=undefined spec="tmuxinator" args=["tmuxinator",null]
7 verbose parsed url { protocol: null,
7 verbose parsed url   slashes: null,
7 verbose parsed url   auth: null,
7 verbose parsed url   host: null,
7 verbose parsed url   port: null,
7 verbose parsed url   hostname: null,
7 verbose parsed url   hash: null,
7 verbose parsed url   search: null,
7 verbose parsed url   query: null,
7 verbose parsed url   pathname: 'tmuxinator',
7 verbose parsed url   path: 'tmuxinator',
7 verbose parsed url   href: 'tmuxinator' }
8 silly lockFile 8cbc723f-tmuxinator tmuxinator
9 verbose lock tmuxinator /home/kkoci/.npm/8cbc723f-tmuxinator.lock
10 silly lockFile 8cbc723f-tmuxinator tmuxinator
11 silly lockFile 8cbc723f-tmuxinator tmuxinator
12 verbose addNamed [ 'tmuxinator', '' ]
13 verbose addNamed [ null, '*' ]
14 silly lockFile 12af49d6-tmuxinator tmuxinator@
15 verbose lock tmuxinator@ /home/kkoci/.npm/12af49d6-tmuxinator.lock
16 silly addNameRange { name: 'tmuxinator', range: '*', hasData: false }
17 verbose request where is /tmuxinator
18 verbose request registry https://registry.npmjs.org/
19 verbose request id e156a2e68cdd1c44
20 verbose url raw /tmuxinator
21 verbose url resolving [ 'https://registry.npmjs.org/', './tmuxinator' ]
22 verbose url resolved https://registry.npmjs.org/tmuxinator
23 verbose request where is https://registry.npmjs.org/tmuxinator
24 info trying registry request attempt 1 at 00:03:59
25 http GET https://registry.npmjs.org/tmuxinator
26 http 404 https://registry.npmjs.org/tmuxinator
27 silly registry.get cb [ 404,
27 silly registry.get   { 'content-type': 'application/json',
27 silly registry.get     'cache-control': 'max-age=0',
27 silly registry.get     'content-length': '2',
27 silly registry.get     'accept-ranges': 'bytes',
27 silly registry.get     date: 'Fri, 04 Dec 2015 04:33:59 GMT',
27 silly registry.get     via: '1.1 varnish',
27 silly registry.get     age: '0',
27 silly registry.get     connection: 'keep-alive',
27 silly registry.get     'x-served-by': 'cache-jfk1024-JFK',
27 silly registry.get     'x-cache': 'MISS',
27 silly registry.get     'x-cache-hits': '0',
27 silly registry.get     'x-timer': 'S1449203639.879951,VS0,VE22' } ]
28 silly lockFile 12af49d6-tmuxinator tmuxinator@
29 silly lockFile 12af49d6-tmuxinator tmuxinator@
30 error 404 Not Found
30 error 404
30 error 404 'tmuxinator' is not in the npm registry.
30 error 404 You should bug the author to publish it
30 error 404
30 error 404 Note that you can also install from a
30 error 404 tarball, folder, or http url, or git url.
31 error System Linux 3.2.0-4-686-pae
32 error command "/usr/bin/node" "/usr/bin/npm" "-g" "install" "tmuxinator"
33 error cwd /home/kkoci/python_examples/orthosie
34 error node -v v0.10.32
35 error npm -v 1.4.28
36 error code E404
37 verbose exit [ 1, true ]
